#
# There is insufficient memory for the Java Runtime Environment to continue.
# Native memory allocation (malloc) failed to allocate 1087456 bytes for Chunk::new
# Possible reasons:
#   The system is out of physical RAM or swap space
#   The process is running with CompressedOops enabled, and the Java Heap may be blocking the growth of the native heap
# Possible solutions:
#   Reduce memory load on the system
#   Increase physical memory or swap space
#   Check if swap backing store is full
#   Decrease Java heap size (-Xmx/-Xms)
#   Decrease number of Java threads
#   Decrease Java thread stack sizes (-Xss)
#   Set larger code cache with -XX:ReservedCodeCacheSize=
#   JVM is running with Zero Based Compressed Oops mode in which the Java heap is
#     placed in the first 32GB address space. The Java Heap base address is the
#     maximum limit for the native heap growth. Please use -XX:HeapBaseMinAddress
#     to set the Java Heap base and to place the Java Heap above 32GB virtual address.
# This output file may be truncated or incomplete.
#
#  Out of Memory Error (allocation.cpp:389), pid=892, tid=0x0000000000009d28
#
# JRE version: Java(TM) SE Runtime Environment (8.0_211-b12) (build 1.8.0_211-b12)
# Java VM: Java HotSpot(TM) 64-Bit Server VM (25.211-b12 mixed mode windows-amd64 compressed oops)
# Failed to write core dump. Minidumps are not enabled by default on client versions of Windows
#

---------------  T H R E A D  ---------------

Current thread (0x000000001da46000):  JavaThread "C2 CompilerThread0" daemon [_thread_in_native, id=40232, stack(0x000000001dd00000,0x000000001de00000)]

Stack: [0x000000001dd00000,0x000000001de00000]
[error occurred during error reporting (printing stack bounds), id 0xc0000005]

Native frames: (J=compiled Java code, j=interpreted, Vv=VM code, C=native code)


Current CompileTask:
C2:   6875 1793       4       java.net.URLClassLoader$1::run (5 bytes)


---------------  P R O C E S S  ---------------

Java Threads: ( => current thread )
  0x000000001f72e000 JavaThread "Thread-9" [_thread_new, id=43820, stack(0x0000000000000000,0x0000000000000000)]
  0x000000001e7b5000 JavaThread "restartedMain" [_thread_blocked, id=43312, stack(0x000000001ec40000,0x000000001ed40000)]
  0x000000001e7b4000 JavaThread "Thread-0" [_thread_blocked, id=42416, stack(0x000000001eb40000,0x000000001ec40000)]
  0x000000001db19000 JavaThread "Service Thread" daemon [_thread_blocked, id=28768, stack(0x000000001e000000,0x000000001e100000)]
  0x000000001db0a000 JavaThread "C1 CompilerThread2" daemon [_thread_blocked, id=28528, stack(0x000000001df00000,0x000000001e000000)]
  0x000000001da47000 JavaThread "C2 CompilerThread1" daemon [_thread_in_native, id=6744, stack(0x000000001de00000,0x000000001df00000)]
=>0x000000001da46000 JavaThread "C2 CompilerThread0" daemon [_thread_in_native, id=40232, stack(0x000000001dd00000,0x000000001de00000)]
  0x000000001da44800 JavaThread "Monitor Ctrl-Break" daemon [_thread_in_native, id=44404, stack(0x000000001dc00000,0x000000001dd00000)]
  0x000000001c1ac000 JavaThread "Attach Listener" daemon [_thread_blocked, id=44720, stack(0x000000001d700000,0x000000001d800000)]
  0x000000001c1aa800 JavaThread "Signal Dispatcher" daemon [_thread_blocked, id=40884, stack(0x000000001d600000,0x000000001d700000)]
  0x0000000002bd9000 JavaThread "Finalizer" daemon [_thread_blocked, id=43040, stack(0x000000001d400000,0x000000001d500000)]
  0x0000000002bd6000 JavaThread "Reference Handler" daemon [_thread_blocked, id=42144, stack(0x000000001d300000,0x000000001d400000)]
  0x0000000002ae6000 JavaThread "main" [_thread_blocked, id=37496, stack(0x0000000002830000,0x0000000002930000)]

Other Threads:
  0x000000001c167800 VMThread [stack: 0x000000001d200000,0x000000001d300000] [id=41760]
  0x000000001db14000 WatcherThread [stack: 0x000000001e100000,0x000000001e200000] [id=10936]

VM state:not at safepoint (normal execution)

VM Mutex/Monitor currently owned by a thread: None

heap address: 0x00000006c1e00000, size: 4066 MB, Compressed Oops mode: Zero based, Oop shift amount: 3
Narrow klass base: 0x0000000000000000, Narrow klass shift: 3
Compressed class space size: 1073741824 Address: 0x00000007c0000000

Heap:
 PSYoungGen      total 76288K, used 31402K [0x000000076b500000, 0x0000000770a00000, 0x00000007c0000000)
  eden space 65536K, 31% used [0x000000076b500000,0x000000076c9324e8,0x000000076f500000)
  from space 10752K, 99% used [0x000000076ff80000,0x00000007709f8380,0x0000000770a00000)
  to   space 10752K, 0% used [0x000000076f500000,0x000000076f500000,0x000000076ff80000)
 ParOldGen       total 175104K, used 305K [0x00000006c1e00000, 0x00000006cc900000, 0x000000076b500000)
  object space 175104K, 0% used [0x00000006c1e00000,0x00000006c1e4c7d0,0x00000006cc900000)
 Metaspace       used 19678K, capacity 20408K, committed 20608K, reserved 1067008K
  class space    used 2423K, capacity 2622K, committed 2688K, reserved 1048576K

Card table byte_map: [0x0000000011fa0000,0x00000000127a0000] byte_map_base: 0x000000000e991000

Marking Bits: (ParMarkBitMap*) 0x0000000050c05ce0
 Begin Bits: [0x00000000130f0000, 0x0000000017078000)
 End Bits:   [0x0000000017078000, 0x000000001b000000)

Polling page: 0x00000000007e0000

CodeCache: size=245760Kb used=5947Kb max_used=5947Kb free=239812Kb
 bounds [0x0000000002be0000, 0x00000000031c0000, 0x0000000011be0000]
 total_blobs=2163 nmethods=1799 adapters=276
 compilation: enabled

Compilation events (10 events):
Event: 6.721 Thread 0x000000001db0a000 1800       3       org.springframework.boot.context.properties.source.SpringConfigurationPropertySources$SourcesIterator::next (5 bytes)
Event: 6.722 Thread 0x000000001db0a000 nmethod 1800 0x00000000031a9810 code [0x00000000031a99a0, 0x00000000031a9cb8]
Event: 6.722 Thread 0x000000001db0a000 1801       3       org.springframework.boot.context.properties.source.ConfigurationPropertyName$ElementsParser::parse (6 bytes)
Event: 6.722 Thread 0x000000001db0a000 nmethod 1801 0x0000000003194050 code [0x00000000031941c0, 0x0000000003194348]
Event: 6.723 Thread 0x000000001db0a000 1802       3       org.springframework.boot.context.properties.source.SoftReferenceConfigurationPropertyCache::get (67 bytes)
Event: 6.724 Thread 0x000000001db0a000 nmethod 1802 0x00000000031a7e10 code [0x00000000031a8080, 0x00000000031a9008]
Event: 6.724 Thread 0x000000001db0a000 1805       3       java.util.Collections$UnmodifiableCollection::isEmpty (10 bytes)
Event: 6.725 Thread 0x000000001db0a000 nmethod 1805 0x00000000031a79d0 code [0x00000000031a7b40, 0x00000000031a7d68]
Event: 6.728 Thread 0x000000001db0a000 1806       3       java.util.Hashtable::rehash (142 bytes)
Event: 6.729 Thread 0x000000001db0a000 nmethod 1806 0x00000000031a6ed0 code [0x00000000031a70a0, 0x00000000031a7708]

GC Heap History (4 events):
Event: 3.404 GC heap before
{Heap before GC invocations=1 (full 0):
 PSYoungGen      total 76288K, used 65536K [0x000000076b500000, 0x0000000770a00000, 0x00000007c0000000)
  eden space 65536K, 100% used [0x000000076b500000,0x000000076f500000,0x000000076f500000)
  from space 10752K, 0% used [0x000000076ff80000,0x000000076ff80000,0x0000000770a00000)
  to   space 10752K, 0% used [0x000000076f500000,0x000000076f500000,0x000000076ff80000)
 ParOldGen       total 175104K, used 0K [0x00000006c1e00000, 0x00000006cc900000, 0x000000076b500000)
  object space 175104K, 0% used [0x00000006c1e00000,0x00000006c1e00000,0x00000006cc900000)
 Metaspace       used 12218K, capacity 12686K, committed 12928K, reserved 1060864K
  class space    used 1500K, capacity 1608K, committed 1664K, reserved 1048576K
Event: 3.418 GC heap after
Heap after GC invocations=1 (full 0):
 PSYoungGen      total 76288K, used 7751K [0x000000076b500000, 0x0000000770a00000, 0x00000007c0000000)
  eden space 65536K, 0% used [0x000000076b500000,0x000000076b500000,0x000000076f500000)
  from space 10752K, 72% used [0x000000076f500000,0x000000076fc91d80,0x000000076ff80000)
  to   space 10752K, 0% used [0x000000076ff80000,0x000000076ff80000,0x0000000770a00000)
 ParOldGen       total 175104K, used 16K [0x00000006c1e00000, 0x00000006cc900000, 0x000000076b500000)
  object space 175104K, 0% used [0x00000006c1e00000,0x00000006c1e04000,0x00000006cc900000)
 Metaspace       used 12218K, capacity 12686K, committed 12928K, reserved 1060864K
  class space    used 1500K, capacity 1608K, committed 1664K, reserved 1048576K
}
Event: 6.106 GC heap before
{Heap before GC invocations=2 (full 0):
 PSYoungGen      total 76288K, used 73287K [0x000000076b500000, 0x0000000770a00000, 0x00000007c0000000)
  eden space 65536K, 100% used [0x000000076b500000,0x000000076f500000,0x000000076f500000)
  from space 10752K, 72% used [0x000000076f500000,0x000000076fc91d80,0x000000076ff80000)
  to   space 10752K, 0% used [0x000000076ff80000,0x000000076ff80000,0x0000000770a00000)
 ParOldGen       total 175104K, used 16K [0x00000006c1e00000, 0x00000006cc900000, 0x000000076b500000)
  object space 175104K, 0% used [0x00000006c1e00000,0x00000006c1e04000,0x00000006cc900000)
 Metaspace       used 19599K, capacity 20340K, committed 20608K, reserved 1067008K
  class space    used 2419K, capacity 2622K, committed 2688K, reserved 1048576K
Event: 6.177 GC heap after
Heap after GC invocations=2 (full 0):
 PSYoungGen      total 76288K, used 10720K [0x000000076b500000, 0x0000000770a00000, 0x00000007c0000000)
  eden space 65536K, 0% used [0x000000076b500000,0x000000076b500000,0x000000076f500000)
  from space 10752K, 99% used [0x000000076ff80000,0x00000007709f8380,0x0000000770a00000)
  to   space 10752K, 0% used [0x000000076f500000,0x000000076f500000,0x000000076ff80000)
 ParOldGen       total 175104K, used 305K [0x00000006c1e00000, 0x00000006cc900000, 0x000000076b500000)
  object space 175104K, 0% used [0x00000006c1e00000,0x00000006c1e4c7d0,0x00000006cc900000)
 Metaspace       used 19599K, capacity 20340K, committed 20608K, reserved 1067008K
  class space    used 2419K, capacity 2622K, committed 2688K, reserved 1048576K
}

Deoptimization events (10 events):
Event: 1.924 Thread 0x0000000002ae6000 Uncommon trap: reason=range_check action=make_not_entrant pc=0x0000000002e7bda8 method=sun.reflect.generics.parser.SignatureParser.current()C @ 34
Event: 2.144 Thread 0x000000001e7b5000 Uncommon trap: reason=class_check action=maybe_recompile pc=0x0000000002d77bf8 method=sun.misc.URLClassPath.getLoader(I)Lsun/misc/URLClassPath$Loader; @ 94
Event: 2.256 Thread 0x000000001e7b5000 Uncommon trap: reason=unstable_if action=reinterpret pc=0x0000000002d83468 method=java.lang.String.indexOf([CII[CIII)I @ 3
Event: 3.728 Thread 0x000000001e7b5000 Uncommon trap: reason=unstable_if action=reinterpret pc=0x0000000002e994c4 method=java.util.HashMap.hash(Ljava/lang/Object;)I @ 1
Event: 3.731 Thread 0x000000001e7b5000 Uncommon trap: reason=unstable_if action=reinterpret pc=0x0000000002eb2728 method=java.util.HashMap.hash(Ljava/lang/Object;)I @ 1
Event: 3.818 Thread 0x000000001e7b5000 Uncommon trap: reason=unstable_if action=reinterpret pc=0x0000000002e82304 method=java.util.HashMap.getNode(ILjava/lang/Object;)Ljava/util/HashMap$Node; @ 129
Event: 3.818 Thread 0x000000001e7b5000 Uncommon trap: reason=unstable_if action=reinterpret pc=0x0000000002f2f710 method=java.util.HashMap.putVal(ILjava/lang/Object;Ljava/lang/Object;ZZ)Ljava/lang/Object; @ 193
Event: 4.144 Thread 0x000000001e7b5000 Uncommon trap: reason=unstable_if action=reinterpret pc=0x0000000002fe25b0 method=java.util.concurrent.ConcurrentHashMap.putVal(Ljava/lang/Object;Ljava/lang/Object;Z)Ljava/lang/Object; @ 206
Event: 4.383 Thread 0x000000001e7b5000 Uncommon trap: reason=unstable_if action=reinterpret pc=0x0000000002ea0474 method=java.io.WinNTFileSystem.normalize(Ljava/lang/String;)Ljava/lang/String; @ 128
Event: 4.418 Thread 0x000000001e8e9000 Uncommon trap: reason=unstable_if action=reinterpret pc=0x0000000002f812e8 method=jdk.internal.org.objectweb.asm.Type.getArgumentsAndReturnSizes(Ljava/lang/String;)I @ 47

Classes redefined (0 events):
No events

Internal exceptions (10 events):
Event: 4.301 Thread 0x000000001e7b5000 Exception <a 'java/lang/ClassNotFoundException': org/springframework/core/PriorityOrderedCustomizer> (0x000000076db5e968) thrown at [C:\re\workspace\8-2-build-windows-amd64-cygwin\jdk8u211\12973\hotspot\src\share\vm\classfile\systemDictionary.cpp, line 21
Event: 4.303 Thread 0x000000001e7b5000 Exception <a 'java/lang/ClassNotFoundException': org/springframework/core/OrderedCustomizer> (0x000000076db6e200) thrown at [C:\re\workspace\8-2-build-windows-amd64-cygwin\jdk8u211\12973\hotspot\src\share\vm\classfile\systemDictionary.cpp, line 210]
Event: 4.315 Thread 0x000000001e7b5000 Exception <a 'java/lang/ClassNotFoundException': org/springframework/context/ResourceLoaderAwareCustomizer> (0x000000076dc2bc60) thrown at [C:\re\workspace\8-2-build-windows-amd64-cygwin\jdk8u211\12973\hotspot\src\share\vm\classfile\systemDictionary.cpp, 
Event: 4.316 Thread 0x000000001e7b5000 Exception <a 'java/lang/ClassNotFoundException': org/springframework/beans/factory/AwareCustomizer> (0x000000076dc3e068) thrown at [C:\re\workspace\8-2-build-windows-amd64-cygwin\jdk8u211\12973\hotspot\src\share\vm\classfile\systemDictionary.cpp, line 210
Event: 4.317 Thread 0x000000001e7b5000 Exception <a 'java/lang/ClassNotFoundException': org/springframework/beans/factory/BeanClassLoaderAwareCustomizer> (0x000000076dc52978) thrown at [C:\re\workspace\8-2-build-windows-amd64-cygwin\jdk8u211\12973\hotspot\src\share\vm\classfile\systemDictionar
Event: 4.319 Thread 0x000000001e7b5000 Exception <a 'java/lang/ClassNotFoundException': org/springframework/beans/factory/AwareCustomizer> (0x000000076dc64e10) thrown at [C:\re\workspace\8-2-build-windows-amd64-cygwin\jdk8u211\12973\hotspot\src\share\vm\classfile\systemDictionary.cpp, line 210
Event: 4.320 Thread 0x000000001e7b5000 Exception <a 'java/lang/ClassNotFoundException': org/springframework/context/EnvironmentAwareCustomizer> (0x000000076dc77270) thrown at [C:\re\workspace\8-2-build-windows-amd64-cygwin\jdk8u211\12973\hotspot\src\share\vm\classfile\systemDictionary.cpp, lin
Event: 4.321 Thread 0x000000001e7b5000 Exception <a 'java/lang/ClassNotFoundException': org/springframework/beans/factory/AwareCustomizer> (0x000000076dc89640) thrown at [C:\re\workspace\8-2-build-windows-amd64-cygwin\jdk8u211\12973\hotspot\src\share\vm\classfile\systemDictionary.cpp, line 210
Event: 4.428 Thread 0x000000001e8e9000 Exception <a 'java/lang/IncompatibleClassChangeError': Found class java.lang.Object, but interface was expected> (0x000000076e1ce658) thrown at [C:\re\workspace\8-2-build-windows-amd64-cygwin\jdk8u211\12973\hotspot\src\share\vm\interpreter\linkResolver.cp
Event: 5.630 Thread 0x000000001e7b5000 Exception <a 'java/lang/NoSuchMethodError': java.lang.Object.lambda$or$2(Ljava/util/function/Predicate;Ljava/lang/Object;)Z> (0x000000076eb1f878) thrown at [C:\re\workspace\8-2-build-windows-amd64-cygwin\jdk8u211\12973\hotspot\src\share\vm\interpreter\lin

Events (10 events):
Event: 6.766 loading class org/springframework/web/reactive/function/client/WebClient
Event: 6.766 loading class org/springframework/web/reactive/function/client/WebClient done
Event: 6.868 loading class org/springframework/web/reactive/function/client/WebClient
Event: 6.868 loading class org/springframework/web/reactive/function/client/WebClient done
Event: 6.869 loading class org/springframework/web/socket/config/annotation/WebSocketMessageBrokerConfigurer
Event: 6.869 loading class org/springframework/web/socket/config/annotation/WebSocketMessageBrokerConfigurer done
Event: 6.870 loading class org/springframework/ws/transport/http/MessageDispatcherServlet
Event: 6.870 loading class org/springframework/ws/transport/http/MessageDispatcherServlet done
Event: 6.870 loading class org/springframework/oxm/Marshaller
Event: 6.870 loading class org/springframework/oxm/Marshaller done


Dynamic libraries:
0x00007ff71df20000 - 0x00007ff71df57000 	C:\Program Files\Java\jdk1.8.0_211\bin\java.exe
0x00007ffce9fc0000 - 0x00007ffcea1b0000 	C:\Windows\SYSTEM32\ntdll.dll
0x00007ffce8cc0000 - 0x00007ffce8d72000 	C:\Windows\System32\KERNEL32.DLL
0x00007ffce7ca0000 - 0x00007ffce7f45000 	C:\Windows\System32\KERNELBASE.dll
0x00007ffce8920000 - 0x00007ffce89c3000 	C:\Windows\System32\ADVAPI32.dll
0x00007ffce8320000 - 0x00007ffce83be000 	C:\Windows\System32\msvcrt.dll
0x00007ffce81c0000 - 0x00007ffce8257000 	C:\Windows\System32\sechost.dll
0x00007ffce83c0000 - 0x00007ffce84df000 	C:\Windows\System32\RPCRT4.dll
0x00007ffce9910000 - 0x00007ffce9aa4000 	C:\Windows\System32\USER32.dll
0x00007ffce7030000 - 0x00007ffce7051000 	C:\Windows\System32\win32u.dll
0x00007ffce8590000 - 0x00007ffce85b6000 	C:\Windows\System32\GDI32.dll
0x00007ffce78e0000 - 0x00007ffce7a78000 	C:\Windows\System32\gdi32full.dll
0x00007ffce6f90000 - 0x00007ffce702e000 	C:\Windows\System32\msvcp_win.dll
0x00007ffce7060000 - 0x00007ffce715a000 	C:\Windows\System32\ucrtbase.dll
0x00007ffcdd740000 - 0x00007ffcdd9c4000 	C:\Windows\WinSxS\amd64_microsoft.windows.common-controls_6595b64144ccf1df_6.0.18362.1379_none_9e7ff3b3e45cc0c4\COMCTL32.dll
0x00007ffce95d0000 - 0x00007ffce9907000 	C:\Windows\System32\combase.dll
0x00007ffce7fe0000 - 0x00007ffce8061000 	C:\Windows\System32\bcryptPrimitives.dll
0x00007ffce9ab0000 - 0x00007ffce9ade000 	C:\Windows\System32\IMM32.DLL
0x0000000050c90000 - 0x0000000050d62000 	C:\Program Files\Java\jdk1.8.0_211\jre\bin\msvcr100.dll
0x00000000503e0000 - 0x0000000050c85000 	C:\Program Files\Java\jdk1.8.0_211\jre\bin\server\jvm.dll
0x00007ffce9b00000 - 0x00007ffce9b08000 	C:\Windows\System32\PSAPI.DLL
0x00007ffcbfd80000 - 0x00007ffcbfd89000 	C:\Windows\SYSTEM32\WSOCK32.dll
0x00007ffce8aa0000 - 0x00007ffce8b0f000 	C:\Windows\System32\WS2_32.dll
0x00007ffcdd3e0000 - 0x00007ffcdd404000 	C:\Windows\SYSTEM32\WINMM.dll
0x00007ffcde0c0000 - 0x00007ffcde0ca000 	C:\Windows\SYSTEM32\VERSION.dll
0x00007ffcdd0b0000 - 0x00007ffcdd0dd000 	C:\Windows\SYSTEM32\WINMMBASE.dll
0x00007ffce6f40000 - 0x00007ffce6f8a000 	C:\Windows\System32\cfgmgr32.dll
0x00007ffce3fa0000 - 0x00007ffce3faf000 	C:\Program Files\Java\jdk1.8.0_211\jre\bin\verify.dll
0x00007ffce1490000 - 0x00007ffce14b9000 	C:\Program Files\Java\jdk1.8.0_211\jre\bin\java.dll
0x00007ffcdda90000 - 0x00007ffcddab3000 	C:\Program Files\Java\jdk1.8.0_211\jre\bin\instrument.dll
0x00007ffce0270000 - 0x00007ffce0286000 	C:\Program Files\Java\jdk1.8.0_211\jre\bin\zip.dll
0x00007ffce8ee0000 - 0x00007ffce95c8000 	C:\Windows\System32\SHELL32.dll
0x00007ffce84e0000 - 0x00007ffce8587000 	C:\Windows\System32\shcore.dll
0x00007ffce7160000 - 0x00007ffce78db000 	C:\Windows\System32\windows.storage.dll
0x00007ffce6e80000 - 0x00007ffce6ea3000 	C:\Windows\System32\profapi.dll
0x00007ffce6eb0000 - 0x00007ffce6efa000 	C:\Windows\System32\powrprof.dll
0x00007ffce6e70000 - 0x00007ffce6e80000 	C:\Windows\System32\UMPDC.dll
0x00007ffce8630000 - 0x00007ffce8682000 	C:\Windows\System32\shlwapi.dll
0x00007ffce6f00000 - 0x00007ffce6f11000 	C:\Windows\System32\kernel.appcore.dll
0x00007ffce7a80000 - 0x00007ffce7a97000 	C:\Windows\System32\cryptsp.dll
0x00007ffcdfdd0000 - 0x00007ffcdfdea000 	C:\Users\Ikenna\AppData\Local\JetBrains\IntelliJ IDEA Community Edition 2020.1\bin\breakgen64.dll
0x00007ffcdfbe0000 - 0x00007ffcdfbfa000 	C:\Program Files\Java\jdk1.8.0_211\jre\bin\net.dll
0x00007ffcdbe10000 - 0x00007ffcdbfe6000 	C:\Windows\SYSTEM32\urlmon.dll
0x00007ffcdbb60000 - 0x00007ffcdbe07000 	C:\Windows\SYSTEM32\iertutil.dll
0x00007ffce6780000 - 0x00007ffce678c000 	C:\Windows\SYSTEM32\CRYPTBASE.DLL
0x00007ffce6600000 - 0x00007ffce6667000 	C:\Windows\system32\mswsock.dll
0x00007ffce0360000 - 0x00007ffce036d000 	C:\Program Files\Java\jdk1.8.0_211\jre\bin\management.dll
0x00007ffcc2a40000 - 0x00007ffcc2a56000 	C:\Windows\system32\napinsp.dll
0x00007ffcbf360000 - 0x00007ffcbf37a000 	C:\Windows\system32\pnrpnsp.dll
0x00007ffce6360000 - 0x00007ffce642b000 	C:\Windows\SYSTEM32\DNSAPI.dll
0x00007ffce8260000 - 0x00007ffce8268000 	C:\Windows\System32\NSI.dll
0x00007ffce6320000 - 0x00007ffce635a000 	C:\Windows\SYSTEM32\IPHLPAPI.DLL
0x00007ffcc3190000 - 0x00007ffcc319e000 	C:\Windows\System32\winrnr.dll
0x00007ffce1460000 - 0x00007ffce147c000 	C:\Windows\system32\NLAapi.dll
0x00007ffce28a0000 - 0x00007ffce28b5000 	C:\Windows\system32\wshbth.dll
0x00007ffcdd430000 - 0x00007ffcdd43a000 	C:\Windows\System32\rasadhlp.dll
0x00007ffcdec00000 - 0x00007ffcdec77000 	C:\Windows\System32\fwpuclnt.dll
0x00007ffce7f50000 - 0x00007ffce7f76000 	C:\Windows\System32\bcrypt.dll
0x00007ffcddb60000 - 0x00007ffcddb72000 	C:\Program Files\Java\jdk1.8.0_211\jre\bin\nio.dll

VM Arguments:
jvm_args: -javaagent:C:\Users\Ikenna\AppData\Local\JetBrains\IntelliJ IDEA Community Edition 2020.1\lib\idea_rt.jar=63816:C:\Users\Ikenna\AppData\Local\JetBrains\IntelliJ IDEA Community Edition 2020.1\bin -Dfile.encoding=UTF-8 
java_command: com.ikenna.portfolios.PortfoliosApplication
java_class_path (initial): C:\Program Files\Java\jdk1.8.0_211\jre\lib\charsets.jar;C:\Program Files\Java\jdk1.8.0_211\jre\lib\deploy.jar;C:\Program Files\Java\jdk1.8.0_211\jre\lib\ext\access-bridge-64.jar;C:\Program Files\Java\jdk1.8.0_211\jre\lib\ext\cldrdata.jar;C:\Program Files\Java\jdk1.8.0_211\jre\lib\ext\dnsns.jar;C:\Program Files\Java\jdk1.8.0_211\jre\lib\ext\jaccess.jar;C:\Program Files\Java\jdk1.8.0_211\jre\lib\ext\jfxrt.jar;C:\Program Files\Java\jdk1.8.0_211\jre\lib\ext\localedata.jar;C:\Program Files\Java\jdk1.8.0_211\jre\lib\ext\nashorn.jar;C:\Program Files\Java\jdk1.8.0_211\jre\lib\ext\sunec.jar;C:\Program Files\Java\jdk1.8.0_211\jre\lib\ext\sunjce_provider.jar;C:\Program Files\Java\jdk1.8.0_211\jre\lib\ext\sunmscapi.jar;C:\Program Files\Java\jdk1.8.0_211\jre\lib\ext\sunpkcs11.jar;C:\Program Files\Java\jdk1.8.0_211\jre\lib\ext\zipfs.jar;C:\Program Files\Java\jdk1.8.0_211\jre\lib\javaws.jar;C:\Program Files\Java\jdk1.8.0_211\jre\lib\jce.jar;C:\Program Files\Java\jdk1.8.0_211\jre\lib\jfr.jar;C:\Program Files\Java\jdk1.8.0_211\jre\lib\jfxswt.jar;C:\Program Files\Java\jdk1.8.0_211\jre\lib\jsse.jar;C:\Program Files\Java\jdk1.8.0_211\jre\lib\management-agent.jar;C:\Program Files\Java\jdk1.8.0_211\jre\lib\plugin.jar;C:\Program Files\Java\jdk1.8.0_211\jre\lib\resources.jar;C:\Program Files\Java\jdk1.8.0_211\jre\lib\rt.jar;C:\Users\Ikenna\Desktop\Java\aws portfolio\portfolios\target\classes;C:\Users\Ikenna\.m2\repository\org\springframework\boot\spring-boot-starter-web\2.3.4.RELEASE\spring-boot-starter-web-2.3.4.RELEASE.jar;C:\Users\Ikenna\.m2\repository\org\springframework\boot\spring-boot-starter\2.3.4.RELEASE\spring-boot-starter-2.3.4.RELEASE.jar;C:\Users\Ikenna\.m2\repository\org\springframework\boot\spring-boot-starter-logging\2.3.4.RELEASE\spring-boot-starter-logging-2.3.4.RELEASE.jar;C:\Users\Ikenna\.m2\repository\ch\qos\logback\logback-classic\1.2.3\logback-classic-1.2.3.jar;C:\Users\Ikenna\.m2\repository\ch\qos\logback\logback-core\1.2.3\logback-core-
Launcher Type: SUN_STANDARD

Environment Variables:
JAVA_HOME=C:\Program Files\Java\jdk1.8.0_211
CLASSPATH=.;
PATH=C:\Program Files (x86)\Common Files\Oracle\Java\javapath;C:\Program Files (x86)\NVIDIA Corporation\PhysX\Common;C:\Program Files (x86)\Common Files\Intel\Shared Libraries\redist\intel64\compiler;C:\Windows\system32;C:\Windows;C:\Windows\System32\Wbem;C:\Windows\System32\WindowsPowerShell\v1.0\;C:\Windows\System32\OpenSSH\;C:\Program Files\Microsoft SQL Server\120\Tools\Binn\;C:\Program Files\MATLAB\R2019a\bin;C:\MinGW\bin;C:\Program Files\Microsoft SQL Server\Client SDK\ODBC\110\Tools\Binn\;C:\Program Files (x86)\Microsoft SQL Server\120\Tools\Binn\;C:\Program Files\Microsoft SQL Server\120\DTS\Binn\;C:\Program Files (x86)\Windows Kits\8.1\Windows Performance Toolkit\;C:\ProgramData\chocolatey\bin;C:\Program Files\Java\jdk1.8.0_211\bin;C:\Apache24\bin;C:\Program Files\Git\cmd;C:\Program Files\Amazon\AWSCLIV2\;C:\Program Files\PuTTY\;C:\Program Files\nodejs\;C:\Program Files\MySQL\MySQL Shell 8.0\bin\;C:\Users\Ikenna\AppData\Local\Programs\Python\Python38-32\Scripts;C:\Users\Ikenna\AppData\Local\Programs\Python\Python38-32;C:\Program Files\JetBrains\PyCharm Community Edition 2019.1.2\bin;C:\Users\Ikenna\AppData\Local\GitHubDesktop\bin;C:\Users\Ikenna\AppData\Local\Programs\Microsoft VS Code\bin;C:\Users\Ikenna\AppData\Local\Android\Sdk\platform-tools;C:\Program Files\heroku\bin;C:\Users\Ikenna\heroku\bin;C:\Users\Ikenna\AppData\Roaming\npm
USERNAME=Ikenna
OS=Windows_NT
PROCESSOR_IDENTIFIER=Intel64 Family 6 Model 61 Stepping 4, GenuineIntel



---------------  S Y S T E M  ---------------

OS: Windows 10.0 , 64 bit Build 18362 (10.0.18362.1350)

CPU:total 4 (initial active 4) (2 cores per cpu, 2 threads per core) family 6 model 61 stepping 4, cmov, cx8, fxsr, mmx, sse, sse2, sse3, ssse3, sse4.1, sse4.2, popcnt, avx, avx2, aes, clmul, erms, rtm, 3dnowpref, lzcnt, ht, tsc, tscinvbit, bmi1, bmi2, adx

Memory: 4k page, physical 16649324k(3784512k free), swap 29726612k(6056k free)

vm_info: Java HotSpot(TM) 64-Bit Server VM (25.211-b12) for windows-amd64 JRE (1.8.0_211-b12), built on Apr  1 2019 20:53:26 by "java_re" with MS VC++ 10.0 (VS2010)

time: Sat Feb 27 22:16:38 2021
timezone: Eastern Standard Time
elapsed time: 6 seconds (0d 0h 0m 6s)

